<?xml version="1.0" encoding="UTF-8"?>
<!-- Generated by org.testng.reporters.JUnitReportReporter -->
<testsuite hostname="MCAB12-20" failures="0" tests="4" name="vesit.ajayk57.dscc.stqa_practical5.LoginTest" time="8.785" errors="0" timestamp="2023-11-02T15:26:39 IST" skipped="0">
  <testcase classname="vesit.ajayk57.dscc.stqa_practical5.LoginTest" name="simpleLogin" time="0.637"/>
  <system-out/>
  <testcase classname="vesit.ajayk57.dscc.stqa_practical5.LoginTest" name="simpleLogin" time="5.374"/>
  <system-out/>
  <testcase classname="vesit.ajayk57.dscc.stqa_practical5.LoginTest" name="simpleLogin" time="2.415"/>
  <system-out/>
  <testcase classname="vesit.ajayk57.dscc.stqa_practical5.LoginTest" name="simpleLogin" time="0.359"/>
  <system-out/>
</testsuite> <!-- vesit.ajayk57.dscc.stqa_practical5.LoginTest -->
