<?xml version="1.0" encoding="UTF-8"?>
<!-- Generated by org.testng.reporters.JUnitReportReporter -->
<testsuite hostname="monkey" failures="0" tests="1" name="vesit.ajayk57.dscc.stqa_practical5.NewTest" time="0.038" errors="0" timestamp="2023-11-02T00:59:58 IST" skipped="0">
  <testcase classname="vesit.ajayk57.dscc.stqa_practical5.NewTest" name="f" time="0.038"/>
  <system-out/>
</testsuite> <!-- vesit.ajayk57.dscc.stqa_practical5.NewTest -->
