<?xml version="1.0" encoding="UTF-8"?>
<!-- Generated by org.testng.reporters.JUnitReportReporter -->
<testsuite hostname="monkey" failures="0" tests="1" name="vesit.ajayk57.dscc.stqa_practical5.ValidationTest" time="0.142" errors="0" timestamp="2023-11-02T18:40:38 IST" skipped="0">
  <testcase classname="vesit.ajayk57.dscc.stqa_practical5.ValidationTest" name="testPageTitle" time="0.142"/>
  <system-out/>
</testsuite> <!-- vesit.ajayk57.dscc.stqa_practical5.ValidationTest -->
