<?xml version="1.0" encoding="UTF-8"?>
<!-- Generated by org.testng.reporters.JUnitReportReporter -->
<testsuite hostname="monkey" failures="0" tests="2" name="vesit.ajayk57.dscc.stqa_practical5.regression.LoginTest" time="1.516" errors="0" timestamp="2023-11-02T19:37:06 IST" skipped="0">
  <testcase classname="vesit.ajayk57.dscc.stqa_practical5.regression.LoginTest" name="testLoginWithValidCredentials" time="0.826"/>
  <system-out/>
  <testcase classname="vesit.ajayk57.dscc.stqa_practical5.regression.LoginTest" name="testLoginWithInvalidCredentials" time="0.690"/>
  <system-out/>
</testsuite> <!-- vesit.ajayk57.dscc.stqa_practical5.regression.LoginTest -->
