<?xml version="1.0" encoding="UTF-8"?>
<!-- Generated by org.testng.reporters.JUnitReportReporter -->
<testsuite hostname="monkey" failures="0" tests="4" name="vesit.ajayk57.dscc.stqa_practical5.LoginTest" time="12.747" errors="0" timestamp="2023-11-02T18:31:24 IST" skipped="0">
  <testcase classname="vesit.ajayk57.dscc.stqa_practical5.LoginTest" name="simpleLogin" time="6.039"/>
  <system-out/>
  <testcase classname="vesit.ajayk57.dscc.stqa_practical5.LoginTest" name="simpleLogin" time="0.480"/>
  <system-out/>
  <testcase classname="vesit.ajayk57.dscc.stqa_practical5.LoginTest" name="simpleLogin" time="0.750"/>
  <system-out/>
  <testcase classname="vesit.ajayk57.dscc.stqa_practical5.LoginTest" name="simpleLogin" time="5.478"/>
  <system-out/>
</testsuite> <!-- vesit.ajayk57.dscc.stqa_practical5.LoginTest -->
