<?xml version="1.0" encoding="UTF-8"?>
<!-- Generated by org.testng.reporters.JUnitReportReporter -->
<testsuite hostname="MCA111-10" failures="0" tests="2" name="vesit.ajayk57.dscc.stqa_practical5.NewTest" time="4.124" errors="0" timestamp="2023-11-02T09:35:56 IST" skipped="0">
  <testcase classname="vesit.ajayk57.dscc.stqa_practical5.NewTest" name="f" time="0.016"/>
  <system-out/>
  <testcase classname="vesit.ajayk57.dscc.stqa_practical5.NewTest" name="eightComponents" time="4.108"/>
  <system-out/>
</testsuite> <!-- vesit.ajayk57.dscc.stqa_practical5.NewTest -->
